This file contains any messages produced by compilers while
running configure, to aid debugging if configure makes a mistake.

It was created by sqlite configure 3.25.2, which was
generated by GNU Autoconf 2.69.  Invocation command line was

  $ ./configure --host=aarch64-himix100-linux

## --------- ##
## Platform. ##
## --------- ##

hostname = optiplex-7050
uname -m = x86_64
uname -r = 4.4.0-137-generic
uname -s = Linux
uname -v = #163-Ubuntu SMP Mon Sep 24 13:14:43 UTC 2018

/usr/bin/uname -p = unknown
/bin/uname -X     = unknown

/bin/arch              = unknown
/usr/bin/arch -k       = unknown
/usr/convex/getsysinfo = unknown
/usr/bin/hostinfo      = unknown
/bin/machine           = unknown
/usr/bin/oslevel       = unknown
/bin/universe          = unknown

PATH: /home/server/hisi/hi3559a/P07/Hi3559AV100_SDK_V2.0.0.7/osdrv/opensource/uboot/u-boot-2016.11/tools
PATH: /opt/hisi-linux/x86-arm/gcc-arm-none-eabi-4_9-2015q3/bin
PATH: /opt/hisi-linux/x86-arm/aarch64-himix100-linux/bin
PATH: /opt/hisi-linux/x86-arm/arm-hisiv600-linux/target/bin
PATH: /usr/local/sbin
PATH: /usr/local/bin
PATH: /usr/sbin
PATH: /usr/bin
PATH: /sbin
PATH: /bin
PATH: /usr/games
PATH: /usr/local/games
PATH: /snap/bin


## ----------- ##
## Core tests. ##
## ----------- ##

configure:2339: checking for a BSD-compatible install
configure:2407: result: /usr/bin/install -c
configure:2418: checking whether build environment is sane
configure:2473: result: yes
configure:2532: checking for aarch64-himix100-linux-strip
configure:2548: found /opt/hisi-linux/x86-arm/aarch64-himix100-linux/bin/aarch64-himix100-linux-strip
configure:2559: result: aarch64-himix100-linux-strip
configure:2624: checking for a thread-safe mkdir -p
configure:2663: result: /bin/mkdir -p
configure:2670: checking for gawk
configure:2686: found /usr/bin/gawk
configure:2697: result: gawk
configure:2708: checking whether make sets $(MAKE)
configure:2730: result: yes
configure:2759: checking whether make supports nested variables
configure:2776: result: yes
configure:2915: checking for style of include used by make
configure:2943: result: GNU
configure:2974: checking for aarch64-himix100-linux-gcc
configure:2990: found /opt/hisi-linux/x86-arm/aarch64-himix100-linux/bin/aarch64-himix100-linux-gcc
configure:3001: result: aarch64-himix100-linux-gcc
configure:3270: checking for C compiler version
configure:3279: aarch64-himix100-linux-gcc --version >&5
aarch64-himix100-linux-gcc (Compiler & Codesign TD V100R001C00B119) 6.3.0
Copyright (C) 2016 Free Software Foundation, Inc.
This is free software; see the source for copying conditions.  There is NO
warranty; not even for MERCHANTABILITY or FITNESS FOR A PARTICULAR PURPOSE.

configure:3290: $? = 0
configure:3279: aarch64-himix100-linux-gcc -v >&5
Using built-in specs.
COLLECT_GCC=aarch64-himix100-linux-gcc
COLLECT_LTO_WRAPPER=/opt/hisi-linux/x86-arm/aarch64-himix100-linux/host_bin/../libexec/gcc/aarch64-linux-gnu/6.3.0/lto-wrapper
Target: aarch64-linux-gnu
Configured with: /usr1/code/CODE_CCTD_V1R1C00/code/current/SDK_CPU_UNIFIED/build/script/aarch64-himix100-linux/aarch64_himix100_build_dir/src/gcc-6.3.0/configure --build=x86_64-linux-gnu --host=x86_64-linux-gnu --target=aarch64-linux-gnu --with-arch=armv8-a --prefix=/usr1/code/CODE_CCTD_V1R1C00/code/current/SDK_CPU_UNIFIED/build/script/aarch64-himix100-linux/aarch64_himix100_build_dir/install --with-specs='%{!ftree-coalesce-vars:-fno-tree-coalesce-vars}' --disable-libmudflap --enable-libssp --disable-libstdcxx-pch --disable-multilib --enable-multiarch --with-gnu-as --with-gnu-ld --enable-libgomp --disable-libitm --enable-checking=yes --enable-lto --enable-c99 --enable-long-long --enable-nls --enable-fix-cortex-a53-835769 --enable-fix-cortex-a53-843419 --enable-shared --with-pkgversion='Compiler & Codesign TD V100R001C00B119' --enable-languages=c,c++ --with-headers=/usr1/code/CODE_CCTD_V1R1C00/code/current/SDK_CPU_UNIFIED/build/script/aarch64-himix100-linux/aarch64_himix100_build_dir/install/target/usr/include --with-sysroot=/usr1/code/CODE_CCTD_V1R1C00/code/current/SDK_CPU_UNIFIED/build/script/aarch64-himix100-linux/aarch64_himix100_build_dir/install/target --with-build-sysroot=/usr1/code/CODE_CCTD_V1R1C00/code/current/SDK_CPU_UNIFIED/build/script/aarch64-himix100-linux/aarch64_himix100_build_dir/install/target --with-gmp=/usr1/code/CODE_CCTD_V1R1C00/code/current/SDK_CPU_UNIFIED/build/script/aarch64-himix100-linux/aarch64_himix100_build_dir/obj/host-libs/usr --with-mpfr=/usr1/code/CODE_CCTD_V1R1C00/code/current/SDK_CPU_UNIFIED/build/script/aarch64-himix100-linux/aarch64_himix100_build_dir/obj/host-libs/usr --with-mpc=/usr1/code/CODE_CCTD_V1R1C00/code/current/SDK_CPU_UNIFIED/build/script/aarch64-himix100-linux/aarch64_himix100_build_dir/obj/host-libs/usr --with-cloog=/usr1/code/CODE_CCTD_V1R1C00/code/current/SDK_CPU_UNIFIED/build/script/aarch64-himix100-linux/aarch64_himix100_build_dir/obj/host-libs/usr --with-build-time-tools=/usr1/code/CODE_CCTD_V1R1C00/code/current/SDK_CPU_UNIFIED/build/script/aarch64-himix100-linux/aarch64_himix100_build_dir/install/aarch64-linux-gnu/bin --libdir=/usr1/code/CODE_CCTD_V1R1C00/code/current/SDK_CPU_UNIFIED/build/script/aarch64-himix100-linux/aarch64_himix100_build_dir/install/lib
Thread model: posix
gcc version 6.3.0 (Compiler & Codesign TD V100R001C00B119) 
configure:3290: $? = 0
configure:3279: aarch64-himix100-linux-gcc -V >&5
aarch64-himix100-linux-gcc: error: unrecognized command line option '-V'
aarch64-himix100-linux-gcc: fatal error: no input files
compilation terminated.
configure:3290: $? = 1
configure:3279: aarch64-himix100-linux-gcc -qversion >&5
aarch64-himix100-linux-gcc: error: unrecognized command line option '-qversion'; did you mean '--version'?
aarch64-himix100-linux-gcc: fatal error: no input files
compilation terminated.
configure:3290: $? = 1
configure:3310: checking whether the C compiler works
configure:3332: aarch64-himix100-linux-gcc    conftest.c  >&5
configure:3336: $? = 0
configure:3384: result: yes
configure:3387: checking for C compiler default output file name
configure:3389: result: a.out
configure:3395: checking for suffix of executables
configure:3402: aarch64-himix100-linux-gcc -o conftest    conftest.c  >&5
configure:3406: $? = 0
configure:3428: result: 
configure:3450: checking whether we are cross compiling
configure:3458: aarch64-himix100-linux-gcc -o conftest    conftest.c  >&5
configure:3462: $? = 0
configure:3469: ./conftest
./configure: line 3471: ./conftest: cannot execute binary file: Exec format error
configure:3473: $? = 126
configure:3488: result: yes
configure:3493: checking for suffix of object files
configure:3515: aarch64-himix100-linux-gcc -c   conftest.c >&5
configure:3519: $? = 0
configure:3540: result: o
configure:3544: checking whether we are using the GNU C compiler
configure:3563: aarch64-himix100-linux-gcc -c   conftest.c >&5
configure:3563: $? = 0
configure:3572: result: yes
configure:3581: checking whether aarch64-himix100-linux-gcc accepts -g
configure:3601: aarch64-himix100-linux-gcc -c -g  conftest.c >&5
configure:3601: $? = 0
configure:3642: result: yes
configure:3659: checking for aarch64-himix100-linux-gcc option to accept ISO C89
configure:3722: aarch64-himix100-linux-gcc  -c -g -O2  conftest.c >&5
configure:3722: $? = 0
configure:3735: result: none needed
configure:3760: checking whether aarch64-himix100-linux-gcc understands -c and -o together
configure:3782: aarch64-himix100-linux-gcc -c conftest.c -o conftest2.o
configure:3785: $? = 0
configure:3782: aarch64-himix100-linux-gcc -c conftest.c -o conftest2.o
configure:3785: $? = 0
configure:3797: result: yes
configure:3816: checking dependency style of aarch64-himix100-linux-gcc
configure:3927: result: gcc3
configure:3950: checking for special C compiler options needed for large files
configure:3995: result: no
configure:4001: checking for _FILE_OFFSET_BITS value needed for large files
configure:4026: aarch64-himix100-linux-gcc -c -g -O2  conftest.c >&5
configure:4026: $? = 0
configure:4058: result: no
configure:4153: checking for aarch64-himix100-linux-gcc
configure:4180: result: aarch64-himix100-linux-gcc
configure:4449: checking for C compiler version
configure:4458: aarch64-himix100-linux-gcc --version >&5
aarch64-himix100-linux-gcc (Compiler & Codesign TD V100R001C00B119) 6.3.0
Copyright (C) 2016 Free Software Foundation, Inc.
This is free software; see the source for copying conditions.  There is NO
warranty; not even for MERCHANTABILITY or FITNESS FOR A PARTICULAR PURPOSE.

configure:4469: $? = 0
configure:4458: aarch64-himix100-linux-gcc -v >&5
Using built-in specs.
COLLECT_GCC=aarch64-himix100-linux-gcc
COLLECT_LTO_WRAPPER=/opt/hisi-linux/x86-arm/aarch64-himix100-linux/host_bin/../libexec/gcc/aarch64-linux-gnu/6.3.0/lto-wrapper
Target: aarch64-linux-gnu
Configured with: /usr1/code/CODE_CCTD_V1R1C00/code/current/SDK_CPU_UNIFIED/build/script/aarch64-himix100-linux/aarch64_himix100_build_dir/src/gcc-6.3.0/configure --build=x86_64-linux-gnu --host=x86_64-linux-gnu --target=aarch64-linux-gnu --with-arch=armv8-a --prefix=/usr1/code/CODE_CCTD_V1R1C00/code/current/SDK_CPU_UNIFIED/build/script/aarch64-himix100-linux/aarch64_himix100_build_dir/install --with-specs='%{!ftree-coalesce-vars:-fno-tree-coalesce-vars}' --disable-libmudflap --enable-libssp --disable-libstdcxx-pch --disable-multilib --enable-multiarch --with-gnu-as --with-gnu-ld --enable-libgomp --disable-libitm --enable-checking=yes --enable-lto --enable-c99 --enable-long-long --enable-nls --enable-fix-cortex-a53-835769 --enable-fix-cortex-a53-843419 --enable-shared --with-pkgversion='Compiler & Codesign TD V100R001C00B119' --enable-languages=c,c++ --with-headers=/usr1/code/CODE_CCTD_V1R1C00/code/current/SDK_CPU_UNIFIED/build/script/aarch64-himix100-linux/aarch64_himix100_build_dir/install/target/usr/include --with-sysroot=/usr1/code/CODE_CCTD_V1R1C00/code/current/SDK_CPU_UNIFIED/build/script/aarch64-himix100-linux/aarch64_himix100_build_dir/install/target --with-build-sysroot=/usr1/code/CODE_CCTD_V1R1C00/code/current/SDK_CPU_UNIFIED/build/script/aarch64-himix100-linux/aarch64_himix100_build_dir/install/target --with-gmp=/usr1/code/CODE_CCTD_V1R1C00/code/current/SDK_CPU_UNIFIED/build/script/aarch64-himix100-linux/aarch64_himix100_build_dir/obj/host-libs/usr --with-mpfr=/usr1/code/CODE_CCTD_V1R1C00/code/current/SDK_CPU_UNIFIED/build/script/aarch64-himix100-linux/aarch64_himix100_build_dir/obj/host-libs/usr --with-mpc=/usr1/code/CODE_CCTD_V1R1C00/code/current/SDK_CPU_UNIFIED/build/script/aarch64-himix100-linux/aarch64_himix100_build_dir/obj/host-libs/usr --with-cloog=/usr1/code/CODE_CCTD_V1R1C00/code/current/SDK_CPU_UNIFIED/build/script/aarch64-himix100-linux/aarch64_himix100_build_dir/obj/host-libs/usr --with-build-time-tools=/usr1/code/CODE_CCTD_V1R1C00/code/current/SDK_CPU_UNIFIED/build/script/aarch64-himix100-linux/aarch64_himix100_build_dir/install/aarch64-linux-gnu/bin --libdir=/usr1/code/CODE_CCTD_V1R1C00/code/current/SDK_CPU_UNIFIED/build/script/aarch64-himix100-linux/aarch64_himix100_build_dir/install/lib
Thread model: posix
gcc version 6.3.0 (Compiler & Codesign TD V100R001C00B119) 
configure:4469: $? = 0
configure:4458: aarch64-himix100-linux-gcc -V >&5
aarch64-himix100-linux-gcc: error: unrecognized command line option '-V'
aarch64-himix100-linux-gcc: fatal error: no input files
compilation terminated.
configure:4469: $? = 1
configure:4458: aarch64-himix100-linux-gcc -qversion >&5
aarch64-himix100-linux-gcc: error: unrecognized command line option '-qversion'; did you mean '--version'?
aarch64-himix100-linux-gcc: fatal error: no input files
compilation terminated.
configure:4469: $? = 1
configure:4473: checking whether we are using the GNU C compiler
configure:4501: result: yes
configure:4510: checking whether aarch64-himix100-linux-gcc accepts -g
configure:4571: result: yes
configure:4588: checking for aarch64-himix100-linux-gcc option to accept ISO C89
configure:4664: result: none needed
configure:4689: checking whether aarch64-himix100-linux-gcc understands -c and -o together
configure:4726: result: yes
configure:4745: checking dependency style of aarch64-himix100-linux-gcc
configure:4856: result: gcc3
configure:4900: checking build system type
configure:4914: result: x86_64-unknown-linux-gnu
configure:4934: checking host system type
configure:4947: result: aarch64-himix100-linux-gnu
configure:4988: checking how to print strings
configure:5015: result: printf
configure:5036: checking for a sed that does not truncate output
configure:5100: result: /bin/sed
configure:5118: checking for grep that handles long lines and -e
configure:5176: result: /bin/grep
configure:5181: checking for egrep
configure:5243: result: /bin/grep -E
configure:5248: checking for fgrep
configure:5310: result: /bin/grep -F
configure:5345: checking for ld used by aarch64-himix100-linux-gcc
configure:5412: result: /opt/hisi-linux/x86-arm/aarch64-himix100-linux/aarch64-linux-gnu/bin/ld
configure:5419: checking if the linker (/opt/hisi-linux/x86-arm/aarch64-himix100-linux/aarch64-linux-gnu/bin/ld) is GNU ld
configure:5434: result: yes
configure:5446: checking for BSD- or MS-compatible name lister (nm)
configure:5500: result: /opt/hisi-linux/x86-arm/aarch64-himix100-linux/bin/aarch64-himix100-linux-nm -B
configure:5630: checking the name lister (/opt/hisi-linux/x86-arm/aarch64-himix100-linux/bin/aarch64-himix100-linux-nm -B) interface
configure:5637: aarch64-himix100-linux-gcc -c -g -O2  conftest.c >&5
configure:5640: /opt/hisi-linux/x86-arm/aarch64-himix100-linux/bin/aarch64-himix100-linux-nm -B "conftest.o"
configure:5643: output
0000000000000000 B some_variable
configure:5650: result: BSD nm
configure:5653: checking whether ln -s works
configure:5657: result: yes
configure:5665: checking the maximum length of command line arguments
configure:5796: result: 1572864
configure:5844: checking how to convert x86_64-unknown-linux-gnu file names to aarch64-himix100-linux-gnu format
configure:5884: result: func_convert_file_noop
configure:5891: checking how to convert x86_64-unknown-linux-gnu file names to toolchain format
configure:5911: result: func_convert_file_noop
configure:5918: checking for /opt/hisi-linux/x86-arm/aarch64-himix100-linux/aarch64-linux-gnu/bin/ld option to reload object files
configure:5925: result: -r
configure:5959: checking for aarch64-himix100-linux-objdump
configure:5975: found /opt/hisi-linux/x86-arm/aarch64-himix100-linux/bin/aarch64-himix100-linux-objdump
configure:5986: result: aarch64-himix100-linux-objdump
configure:6058: checking how to recognize dependent libraries
configure:6258: result: pass_all
configure:6303: checking for aarch64-himix100-linux-dlltool
configure:6333: result: no
configure:6343: checking for dlltool
configure:6373: result: no
configure:6403: checking how to associate runtime and link libraries
configure:6430: result: printf %s\n
configure:6446: checking for aarch64-himix100-linux-ar
configure:6462: found /opt/hisi-linux/x86-arm/aarch64-himix100-linux/bin/aarch64-himix100-linux-ar
configure:6473: result: aarch64-himix100-linux-ar
configure:6554: checking for archiver @FILE support
configure:6571: aarch64-himix100-linux-gcc -c -g -O2  conftest.c >&5
configure:6571: $? = 0
configure:6574: aarch64-himix100-linux-ar cru libconftest.a @conftest.lst >&5
configure:6577: $? = 0
configure:6582: aarch64-himix100-linux-ar cru libconftest.a @conftest.lst >&5
aarch64-himix100-linux-ar: conftest.o: No such file or directory
configure:6585: $? = 1
configure:6597: result: @
configure:6615: checking for aarch64-himix100-linux-strip
configure:6642: result: aarch64-himix100-linux-strip
configure:6714: checking for aarch64-himix100-linux-ranlib
configure:6730: found /opt/hisi-linux/x86-arm/aarch64-himix100-linux/bin/aarch64-himix100-linux-ranlib
configure:6741: result: aarch64-himix100-linux-ranlib
configure:6883: checking command to parse /opt/hisi-linux/x86-arm/aarch64-himix100-linux/bin/aarch64-himix100-linux-nm -B output from aarch64-himix100-linux-gcc object
configure:7036: aarch64-himix100-linux-gcc -c -g -O2  conftest.c >&5
configure:7039: $? = 0
configure:7043: /opt/hisi-linux/x86-arm/aarch64-himix100-linux/bin/aarch64-himix100-linux-nm -B conftest.o \| sed -n -e 's/^.*[ ]\([ABCDGIRSTW][ABCDGIRSTW]*\)[ ][ ]*\([_A-Za-z][_A-Za-z0-9]*\)$/\1 \2 \2/p' | sed '/ __gnu_lto/d' \> conftest.nm
configure:7046: $? = 0
configure:7112: aarch64-himix100-linux-gcc -o conftest -g -O2   conftest.c conftstm.o >&5
configure:7115: $? = 0
configure:7153: result: ok
configure:7200: checking for sysroot
configure:7230: result: no
configure:7237: checking for a working dd
configure:7275: result: /bin/dd
configure:7279: checking how to truncate binary pipes
configure:7294: result: /bin/dd bs=4096 count=1
configure:7583: checking for aarch64-himix100-linux-mt
configure:7613: result: no
configure:7623: checking for mt
configure:7639: found /bin/mt
configure:7650: result: mt
configure:7662: WARNING: using cross tools not prefixed with host triplet
configure:7673: checking if mt is a manifest tool
configure:7679: mt '-?'
configure:7687: result: no
configure:8364: checking how to run the C preprocessor
configure:8395: aarch64-himix100-linux-gcc -E  conftest.c
configure:8395: $? = 0
configure:8409: aarch64-himix100-linux-gcc -E  conftest.c
conftest.c:11:28: fatal error: ac_nonexistent.h: No such file or directory
 #include <ac_nonexistent.h>
                            ^
compilation terminated.
configure:8409: $? = 1
configure: failed program was:
| /* confdefs.h */
| #define PACKAGE_NAME "sqlite"
| #define PACKAGE_TARNAME "sqlite"
| #define PACKAGE_VERSION "3.25.2"
| #define PACKAGE_STRING "sqlite 3.25.2"
| #define PACKAGE_BUGREPORT "http://www.sqlite.org"
| #define PACKAGE_URL ""
| #define PACKAGE "sqlite"
| #define VERSION "3.25.2"
| /* end confdefs.h.  */
| #include <ac_nonexistent.h>
configure:8434: result: aarch64-himix100-linux-gcc -E
configure:8454: aarch64-himix100-linux-gcc -E  conftest.c
configure:8454: $? = 0
configure:8468: aarch64-himix100-linux-gcc -E  conftest.c
conftest.c:11:28: fatal error: ac_nonexistent.h: No such file or directory
 #include <ac_nonexistent.h>
                            ^
compilation terminated.
configure:8468: $? = 1
configure: failed program was:
| /* confdefs.h */
| #define PACKAGE_NAME "sqlite"
| #define PACKAGE_TARNAME "sqlite"
| #define PACKAGE_VERSION "3.25.2"
| #define PACKAGE_STRING "sqlite 3.25.2"
| #define PACKAGE_BUGREPORT "http://www.sqlite.org"
| #define PACKAGE_URL ""
| #define PACKAGE "sqlite"
| #define VERSION "3.25.2"
| /* end confdefs.h.  */
| #include <ac_nonexistent.h>
configure:8497: checking for ANSI C header files
configure:8517: aarch64-himix100-linux-gcc -c -g -O2  conftest.c >&5
configure:8517: $? = 0
configure:8601: result: yes
configure:8614: checking for sys/types.h
configure:8614: aarch64-himix100-linux-gcc -c -g -O2  conftest.c >&5
configure:8614: $? = 0
configure:8614: result: yes
configure:8614: checking for sys/stat.h
configure:8614: aarch64-himix100-linux-gcc -c -g -O2  conftest.c >&5
configure:8614: $? = 0
configure:8614: result: yes
configure:8614: checking for stdlib.h
configure:8614: aarch64-himix100-linux-gcc -c -g -O2  conftest.c >&5
configure:8614: $? = 0
configure:8614: result: yes
configure:8614: checking for string.h
configure:8614: aarch64-himix100-linux-gcc -c -g -O2  conftest.c >&5
configure:8614: $? = 0
configure:8614: result: yes
configure:8614: checking for memory.h
configure:8614: aarch64-himix100-linux-gcc -c -g -O2  conftest.c >&5
configure:8614: $? = 0
configure:8614: result: yes
configure:8614: checking for strings.h
configure:8614: aarch64-himix100-linux-gcc -c -g -O2  conftest.c >&5
configure:8614: $? = 0
configure:8614: result: yes
configure:8614: checking for inttypes.h
configure:8614: aarch64-himix100-linux-gcc -c -g -O2  conftest.c >&5
configure:8614: $? = 0
configure:8614: result: yes
configure:8614: checking for stdint.h
configure:8614: aarch64-himix100-linux-gcc -c -g -O2  conftest.c >&5
configure:8614: $? = 0
configure:8614: result: yes
configure:8614: checking for unistd.h
configure:8614: aarch64-himix100-linux-gcc -c -g -O2  conftest.c >&5
configure:8614: $? = 0
configure:8614: result: yes
configure:8628: checking for dlfcn.h
configure:8628: aarch64-himix100-linux-gcc -c -g -O2  conftest.c >&5
configure:8628: $? = 0
configure:8628: result: yes
configure:8884: checking for objdir
configure:8899: result: .libs
configure:9159: checking if aarch64-himix100-linux-gcc supports -fno-rtti -fno-exceptions
configure:9177: aarch64-himix100-linux-gcc -c -g -O2  -fno-rtti -fno-exceptions conftest.c >&5
cc1: warning: command line option '-fno-rtti' is valid for C++/ObjC++ but not for C
configure:9181: $? = 0
configure:9194: result: no
configure:9552: checking for aarch64-himix100-linux-gcc option to produce PIC
configure:9559: result: -fPIC -DPIC
configure:9567: checking if aarch64-himix100-linux-gcc PIC flag -fPIC -DPIC works
configure:9585: aarch64-himix100-linux-gcc -c -g -O2  -fPIC -DPIC -DPIC conftest.c >&5
configure:9589: $? = 0
configure:9602: result: yes
configure:9631: checking if aarch64-himix100-linux-gcc static flag -static works
configure:9659: result: yes
configure:9674: checking if aarch64-himix100-linux-gcc supports -c -o file.o
configure:9695: aarch64-himix100-linux-gcc -c -g -O2  -o out/conftest2.o conftest.c >&5
configure:9699: $? = 0
configure:9721: result: yes
configure:9729: checking if aarch64-himix100-linux-gcc supports -c -o file.o
configure:9776: result: yes
configure:9809: checking whether the aarch64-himix100-linux-gcc linker (/opt/hisi-linux/x86-arm/aarch64-himix100-linux/aarch64-linux-gnu/bin/ld) supports shared libraries
configure:11068: result: yes
configure:11105: checking whether -lc should be explicitly linked in
configure:11113: aarch64-himix100-linux-gcc -c -g -O2  conftest.c >&5
configure:11116: $? = 0
configure:11131: aarch64-himix100-linux-gcc -shared  -fPIC -DPIC conftest.o  -v -Wl,-soname -Wl,conftest -o conftest 2\>\&1 \| /bin/grep  -lc  \>/dev/null 2\>\&1
configure:11134: $? = 0
configure:11148: result: no
configure:11308: checking dynamic linker characteristics
configure:11889: aarch64-himix100-linux-gcc -o conftest -g -O2   -Wl,-rpath -Wl,/foo conftest.c  >&5
configure:11889: $? = 0
configure:12126: result: GNU/Linux ld.so
configure:12248: checking how to hardcode library paths into programs
configure:12273: result: immediate
configure:12821: checking whether stripping libraries is possible
configure:12826: result: yes
configure:12861: checking if libtool supports shared libraries
configure:12863: result: yes
configure:12866: checking whether to build shared libraries
configure:12891: result: yes
configure:12894: checking whether to build static libraries
configure:12898: result: yes
configure:12941: checking for fdatasync
configure:12941: aarch64-himix100-linux-gcc -o conftest -g -O2   conftest.c  >&5
configure:12941: $? = 0
configure:12941: result: yes
configure:12941: checking for usleep
configure:12941: aarch64-himix100-linux-gcc -o conftest -g -O2   conftest.c  >&5
configure:12941: $? = 0
configure:12941: result: yes
configure:12941: checking for fullfsync
configure:12941: aarch64-himix100-linux-gcc -o conftest -g -O2   conftest.c  >&5
/tmp/ccPTiYzb.o: In function `main':
/home/server/hisi/hi3559a/P07/Hi3559AV100_SDK_V2.0.0.7/mpp/dk_app/ncnn/examples/face/sqlite-autoconf-3250200/conftest.c:59: undefined reference to `fullfsync'
collect2: error: ld returned 1 exit status
configure:12941: $? = 1
configure: failed program was:
| /* confdefs.h */
| #define PACKAGE_NAME "sqlite"
| #define PACKAGE_TARNAME "sqlite"
| #define PACKAGE_VERSION "3.25.2"
| #define PACKAGE_STRING "sqlite 3.25.2"
| #define PACKAGE_BUGREPORT "http://www.sqlite.org"
| #define PACKAGE_URL ""
| #define PACKAGE "sqlite"
| #define VERSION "3.25.2"
| #define STDC_HEADERS 1
| #define HAVE_SYS_TYPES_H 1
| #define HAVE_SYS_STAT_H 1
| #define HAVE_STDLIB_H 1
| #define HAVE_STRING_H 1
| #define HAVE_MEMORY_H 1
| #define HAVE_STRINGS_H 1
| #define HAVE_INTTYPES_H 1
| #define HAVE_STDINT_H 1
| #define HAVE_UNISTD_H 1
| #define HAVE_DLFCN_H 1
| #define LT_OBJDIR ".libs/"
| #define HAVE_FDATASYNC 1
| #define HAVE_USLEEP 1
| /* end confdefs.h.  */
| /* Define fullfsync to an innocuous variant, in case <limits.h> declares fullfsync.
|    For example, HP-UX 11i <limits.h> declares gettimeofday.  */
| #define fullfsync innocuous_fullfsync
| 
| /* System header to define __stub macros and hopefully few prototypes,
|     which can conflict with char fullfsync (); below.
|     Prefer <limits.h> to <assert.h> if __STDC__ is defined, since
|     <limits.h> exists even on freestanding compilers.  */
| 
| #ifdef __STDC__
| # include <limits.h>
| #else
| # include <assert.h>
| #endif
| 
| #undef fullfsync
| 
| /* Override any GCC internal prototype to avoid an error.
|    Use char because int might match the return type of a GCC
|    builtin and then its argument prototype would still apply.  */
| #ifdef __cplusplus
| extern "C"
| #endif
| char fullfsync ();
| /* The GNU C library defines this for functions which it implements
|     to always fail with ENOSYS.  Some functions are actually named
|     something starting with __ and the normal name is an alias.  */
| #if defined __stub_fullfsync || defined __stub___fullfsync
| choke me
| #endif
| 
| int
| main ()
| {
| return fullfsync ();
|   ;
|   return 0;
| }
configure:12941: result: no
configure:12941: checking for localtime_r
configure:12941: aarch64-himix100-linux-gcc -o conftest -g -O2   conftest.c  >&5
configure:12941: $? = 0
configure:12941: result: yes
configure:12941: checking for gmtime_r
configure:12941: aarch64-himix100-linux-gcc -o conftest -g -O2   conftest.c  >&5
configure:12941: $? = 0
configure:12941: result: yes
configure:12950: checking whether strerror_r is declared
configure:12950: aarch64-himix100-linux-gcc -c -g -O2  conftest.c >&5
configure:12950: $? = 0
configure:12950: result: yes
configure:12963: checking for strerror_r
configure:12963: aarch64-himix100-linux-gcc -o conftest -g -O2   conftest.c  >&5
configure:12963: $? = 0
configure:12963: result: yes
configure:12972: checking whether strerror_r returns char *
configure:12996: aarch64-himix100-linux-gcc -c -g -O2  conftest.c >&5
conftest.c: In function 'main':
conftest.c:67:13: error: invalid type argument of unary '*' (have 'int')
    char x = *strerror_r (0, buf, sizeof buf);
             ^~~~~~~~~~~~~~~~~~~~~~~~~~~~~~~~
conftest.c:68:14: warning: initialization makes pointer from integer without a cast [-Wint-conversion]
    char *p = strerror_r (0, buf, sizeof buf);
              ^~~~~~~~~~
configure:12996: $? = 1
configure: failed program was:
| /* confdefs.h */
| #define PACKAGE_NAME "sqlite"
| #define PACKAGE_TARNAME "sqlite"
| #define PACKAGE_VERSION "3.25.2"
| #define PACKAGE_STRING "sqlite 3.25.2"
| #define PACKAGE_BUGREPORT "http://www.sqlite.org"
| #define PACKAGE_URL ""
| #define PACKAGE "sqlite"
| #define VERSION "3.25.2"
| #define STDC_HEADERS 1
| #define HAVE_SYS_TYPES_H 1
| #define HAVE_SYS_STAT_H 1
| #define HAVE_STDLIB_H 1
| #define HAVE_STRING_H 1
| #define HAVE_MEMORY_H 1
| #define HAVE_STRINGS_H 1
| #define HAVE_INTTYPES_H 1
| #define HAVE_STDINT_H 1
| #define HAVE_UNISTD_H 1
| #define HAVE_DLFCN_H 1
| #define LT_OBJDIR ".libs/"
| #define HAVE_FDATASYNC 1
| #define HAVE_USLEEP 1
| #define HAVE_LOCALTIME_R 1
| #define HAVE_GMTIME_R 1
| #define HAVE_DECL_STRERROR_R 1
| #define HAVE_STRERROR_R 1
| /* end confdefs.h.  */
| #include <stdio.h>
| #ifdef HAVE_SYS_TYPES_H
| # include <sys/types.h>
| #endif
| #ifdef HAVE_SYS_STAT_H
| # include <sys/stat.h>
| #endif
| #ifdef STDC_HEADERS
| # include <stdlib.h>
| # include <stddef.h>
| #else
| # ifdef HAVE_STDLIB_H
| #  include <stdlib.h>
| # endif
| #endif
| #ifdef HAVE_STRING_H
| # if !defined STDC_HEADERS && defined HAVE_MEMORY_H
| #  include <memory.h>
| # endif
| # include <string.h>
| #endif
| #ifdef HAVE_STRINGS_H
| # include <strings.h>
| #endif
| #ifdef HAVE_INTTYPES_H
| # include <inttypes.h>
| #endif
| #ifdef HAVE_STDINT_H
| # include <stdint.h>
| #endif
| #ifdef HAVE_UNISTD_H
| # include <unistd.h>
| #endif
| int
| main ()
| {
| 
| 	  char buf[100];
| 	  char x = *strerror_r (0, buf, sizeof buf);
| 	  char *p = strerror_r (0, buf, sizeof buf);
| 	  return !p || x;
| 
|   ;
|   return 0;
| }
configure:13034: result: no
configure:13079: checking editline/readline.h usability
configure:13079: aarch64-himix100-linux-gcc -c -g -O2  conftest.c >&5
conftest.c:62:31: fatal error: editline/readline.h: No such file or directory
 #include <editline/readline.h>
                               ^
compilation terminated.
configure:13079: $? = 1
configure: failed program was:
| /* confdefs.h */
| #define PACKAGE_NAME "sqlite"
| #define PACKAGE_TARNAME "sqlite"
| #define PACKAGE_VERSION "3.25.2"
| #define PACKAGE_STRING "sqlite 3.25.2"
| #define PACKAGE_BUGREPORT "http://www.sqlite.org"
| #define PACKAGE_URL ""
| #define PACKAGE "sqlite"
| #define VERSION "3.25.2"
| #define STDC_HEADERS 1
| #define HAVE_SYS_TYPES_H 1
| #define HAVE_SYS_STAT_H 1
| #define HAVE_STDLIB_H 1
| #define HAVE_STRING_H 1
| #define HAVE_MEMORY_H 1
| #define HAVE_STRINGS_H 1
| #define HAVE_INTTYPES_H 1
| #define HAVE_STDINT_H 1
| #define HAVE_UNISTD_H 1
| #define HAVE_DLFCN_H 1
| #define LT_OBJDIR ".libs/"
| #define HAVE_FDATASYNC 1
| #define HAVE_USLEEP 1
| #define HAVE_LOCALTIME_R 1
| #define HAVE_GMTIME_R 1
| #define HAVE_DECL_STRERROR_R 1
| #define HAVE_STRERROR_R 1
| /* end confdefs.h.  */
| #include <stdio.h>
| #ifdef HAVE_SYS_TYPES_H
| # include <sys/types.h>
| #endif
| #ifdef HAVE_SYS_STAT_H
| # include <sys/stat.h>
| #endif
| #ifdef STDC_HEADERS
| # include <stdlib.h>
| # include <stddef.h>
| #else
| # ifdef HAVE_STDLIB_H
| #  include <stdlib.h>
| # endif
| #endif
| #ifdef HAVE_STRING_H
| # if !defined STDC_HEADERS && defined HAVE_MEMORY_H
| #  include <memory.h>
| # endif
| # include <string.h>
| #endif
| #ifdef HAVE_STRINGS_H
| # include <strings.h>
| #endif
| #ifdef HAVE_INTTYPES_H
| # include <inttypes.h>
| #endif
| #ifdef HAVE_STDINT_H
| # include <stdint.h>
| #endif
| #ifdef HAVE_UNISTD_H
| # include <unistd.h>
| #endif
| #include <editline/readline.h>
configure:13079: result: no
configure:13079: checking editline/readline.h presence
configure:13079: aarch64-himix100-linux-gcc -E  conftest.c
conftest.c:29:31: fatal error: editline/readline.h: No such file or directory
 #include <editline/readline.h>
                               ^
compilation terminated.
configure:13079: $? = 1
configure: failed program was:
| /* confdefs.h */
| #define PACKAGE_NAME "sqlite"
| #define PACKAGE_TARNAME "sqlite"
| #define PACKAGE_VERSION "3.25.2"
| #define PACKAGE_STRING "sqlite 3.25.2"
| #define PACKAGE_BUGREPORT "http://www.sqlite.org"
| #define PACKAGE_URL ""
| #define PACKAGE "sqlite"
| #define VERSION "3.25.2"
| #define STDC_HEADERS 1
| #define HAVE_SYS_TYPES_H 1
| #define HAVE_SYS_STAT_H 1
| #define HAVE_STDLIB_H 1
| #define HAVE_STRING_H 1
| #define HAVE_MEMORY_H 1
| #define HAVE_STRINGS_H 1
| #define HAVE_INTTYPES_H 1
| #define HAVE_STDINT_H 1
| #define HAVE_UNISTD_H 1
| #define HAVE_DLFCN_H 1
| #define LT_OBJDIR ".libs/"
| #define HAVE_FDATASYNC 1
| #define HAVE_USLEEP 1
| #define HAVE_LOCALTIME_R 1
| #define HAVE_GMTIME_R 1
| #define HAVE_DECL_STRERROR_R 1
| #define HAVE_STRERROR_R 1
| /* end confdefs.h.  */
| #include <editline/readline.h>
configure:13079: result: no
configure:13079: checking for editline/readline.h
configure:13079: result: no
configure:13163: checking readline/readline.h usability
configure:13163: aarch64-himix100-linux-gcc -c -g -O2  conftest.c >&5
conftest.c:62:31: fatal error: readline/readline.h: No such file or directory
 #include <readline/readline.h>
                               ^
compilation terminated.
configure:13163: $? = 1
configure: failed program was:
| /* confdefs.h */
| #define PACKAGE_NAME "sqlite"
| #define PACKAGE_TARNAME "sqlite"
| #define PACKAGE_VERSION "3.25.2"
| #define PACKAGE_STRING "sqlite 3.25.2"
| #define PACKAGE_BUGREPORT "http://www.sqlite.org"
| #define PACKAGE_URL ""
| #define PACKAGE "sqlite"
| #define VERSION "3.25.2"
| #define STDC_HEADERS 1
| #define HAVE_SYS_TYPES_H 1
| #define HAVE_SYS_STAT_H 1
| #define HAVE_STDLIB_H 1
| #define HAVE_STRING_H 1
| #define HAVE_MEMORY_H 1
| #define HAVE_STRINGS_H 1
| #define HAVE_INTTYPES_H 1
| #define HAVE_STDINT_H 1
| #define HAVE_UNISTD_H 1
| #define HAVE_DLFCN_H 1
| #define LT_OBJDIR ".libs/"
| #define HAVE_FDATASYNC 1
| #define HAVE_USLEEP 1
| #define HAVE_LOCALTIME_R 1
| #define HAVE_GMTIME_R 1
| #define HAVE_DECL_STRERROR_R 1
| #define HAVE_STRERROR_R 1
| /* end confdefs.h.  */
| #include <stdio.h>
| #ifdef HAVE_SYS_TYPES_H
| # include <sys/types.h>
| #endif
| #ifdef HAVE_SYS_STAT_H
| # include <sys/stat.h>
| #endif
| #ifdef STDC_HEADERS
| # include <stdlib.h>
| # include <stddef.h>
| #else
| # ifdef HAVE_STDLIB_H
| #  include <stdlib.h>
| # endif
| #endif
| #ifdef HAVE_STRING_H
| # if !defined STDC_HEADERS && defined HAVE_MEMORY_H
| #  include <memory.h>
| # endif
| # include <string.h>
| #endif
| #ifdef HAVE_STRINGS_H
| # include <strings.h>
| #endif
| #ifdef HAVE_INTTYPES_H
| # include <inttypes.h>
| #endif
| #ifdef HAVE_STDINT_H
| # include <stdint.h>
| #endif
| #ifdef HAVE_UNISTD_H
| # include <unistd.h>
| #endif
| #include <readline/readline.h>
configure:13163: result: no
configure:13163: checking readline/readline.h presence
configure:13163: aarch64-himix100-linux-gcc -E  conftest.c
conftest.c:29:31: fatal error: readline/readline.h: No such file or directory
 #include <readline/readline.h>
                               ^
compilation terminated.
configure:13163: $? = 1
configure: failed program was:
| /* confdefs.h */
| #define PACKAGE_NAME "sqlite"
| #define PACKAGE_TARNAME "sqlite"
| #define PACKAGE_VERSION "3.25.2"
| #define PACKAGE_STRING "sqlite 3.25.2"
| #define PACKAGE_BUGREPORT "http://www.sqlite.org"
| #define PACKAGE_URL ""
| #define PACKAGE "sqlite"
| #define VERSION "3.25.2"
| #define STDC_HEADERS 1
| #define HAVE_SYS_TYPES_H 1
| #define HAVE_SYS_STAT_H 1
| #define HAVE_STDLIB_H 1
| #define HAVE_STRING_H 1
| #define HAVE_MEMORY_H 1
| #define HAVE_STRINGS_H 1
| #define HAVE_INTTYPES_H 1
| #define HAVE_STDINT_H 1
| #define HAVE_UNISTD_H 1
| #define HAVE_DLFCN_H 1
| #define LT_OBJDIR ".libs/"
| #define HAVE_FDATASYNC 1
| #define HAVE_USLEEP 1
| #define HAVE_LOCALTIME_R 1
| #define HAVE_GMTIME_R 1
| #define HAVE_DECL_STRERROR_R 1
| #define HAVE_STRERROR_R 1
| /* end confdefs.h.  */
| #include <readline/readline.h>
configure:13163: result: no
configure:13163: checking for readline/readline.h
configure:13163: result: no
configure:13312: checking for library containing pthread_create
configure:13343: aarch64-himix100-linux-gcc -o conftest -g -O2   conftest.c  >&5
/tmp/ccTFMoAy.o: In function `main':
/home/server/hisi/hi3559a/P07/Hi3559AV100_SDK_V2.0.0.7/mpp/dk_app/ncnn/examples/face/sqlite-autoconf-3250200/conftest.c:40: undefined reference to `pthread_create'
collect2: error: ld returned 1 exit status
configure:13343: $? = 1
configure: failed program was:
| /* confdefs.h */
| #define PACKAGE_NAME "sqlite"
| #define PACKAGE_TARNAME "sqlite"
| #define PACKAGE_VERSION "3.25.2"
| #define PACKAGE_STRING "sqlite 3.25.2"
| #define PACKAGE_BUGREPORT "http://www.sqlite.org"
| #define PACKAGE_URL ""
| #define PACKAGE "sqlite"
| #define VERSION "3.25.2"
| #define STDC_HEADERS 1
| #define HAVE_SYS_TYPES_H 1
| #define HAVE_SYS_STAT_H 1
| #define HAVE_STDLIB_H 1
| #define HAVE_STRING_H 1
| #define HAVE_MEMORY_H 1
| #define HAVE_STRINGS_H 1
| #define HAVE_INTTYPES_H 1
| #define HAVE_STDINT_H 1
| #define HAVE_UNISTD_H 1
| #define HAVE_DLFCN_H 1
| #define LT_OBJDIR ".libs/"
| #define HAVE_FDATASYNC 1
| #define HAVE_USLEEP 1
| #define HAVE_LOCALTIME_R 1
| #define HAVE_GMTIME_R 1
| #define HAVE_DECL_STRERROR_R 1
| #define HAVE_STRERROR_R 1
| /* end confdefs.h.  */
| 
| /* Override any GCC internal prototype to avoid an error.
|    Use char because int might match the return type of a GCC
|    builtin and then its argument prototype would still apply.  */
| #ifdef __cplusplus
| extern "C"
| #endif
| char pthread_create ();
| int
| main ()
| {
| return pthread_create ();
|   ;
|   return 0;
| }
configure:13343: aarch64-himix100-linux-gcc -o conftest -g -O2   conftest.c -lpthread   >&5
configure:13343: $? = 0
configure:13360: result: -lpthread
configure:13368: checking for library containing pthread_mutexattr_init
configure:13399: aarch64-himix100-linux-gcc -o conftest -g -O2   conftest.c -lpthread  >&5
configure:13399: $? = 0
configure:13416: result: none required
configure:13438: checking for library containing dlopen
configure:13469: aarch64-himix100-linux-gcc -o conftest -g -O2   conftest.c -lpthread  >&5
/tmp/ccrwESZD.o: In function `main':
/home/server/hisi/hi3559a/P07/Hi3559AV100_SDK_V2.0.0.7/mpp/dk_app/ncnn/examples/face/sqlite-autoconf-3250200/conftest.c:40: undefined reference to `dlopen'
collect2: error: ld returned 1 exit status
configure:13469: $? = 1
configure: failed program was:
| /* confdefs.h */
| #define PACKAGE_NAME "sqlite"
| #define PACKAGE_TARNAME "sqlite"
| #define PACKAGE_VERSION "3.25.2"
| #define PACKAGE_STRING "sqlite 3.25.2"
| #define PACKAGE_BUGREPORT "http://www.sqlite.org"
| #define PACKAGE_URL ""
| #define PACKAGE "sqlite"
| #define VERSION "3.25.2"
| #define STDC_HEADERS 1
| #define HAVE_SYS_TYPES_H 1
| #define HAVE_SYS_STAT_H 1
| #define HAVE_STDLIB_H 1
| #define HAVE_STRING_H 1
| #define HAVE_MEMORY_H 1
| #define HAVE_STRINGS_H 1
| #define HAVE_INTTYPES_H 1
| #define HAVE_STDINT_H 1
| #define HAVE_UNISTD_H 1
| #define HAVE_DLFCN_H 1
| #define LT_OBJDIR ".libs/"
| #define HAVE_FDATASYNC 1
| #define HAVE_USLEEP 1
| #define HAVE_LOCALTIME_R 1
| #define HAVE_GMTIME_R 1
| #define HAVE_DECL_STRERROR_R 1
| #define HAVE_STRERROR_R 1
| /* end confdefs.h.  */
| 
| /* Override any GCC internal prototype to avoid an error.
|    Use char because int might match the return type of a GCC
|    builtin and then its argument prototype would still apply.  */
| #ifdef __cplusplus
| extern "C"
| #endif
| char dlopen ();
| int
| main ()
| {
| return dlopen ();
|   ;
|   return 0;
| }
configure:13469: aarch64-himix100-linux-gcc -o conftest -g -O2   conftest.c -ldl  -lpthread  >&5
configure:13469: $? = 0
configure:13486: result: -ldl
configure:13497: checking for whether to support dynamic extensions
configure:13499: result: yes
configure:13542: checking for library containing log
configure:13573: aarch64-himix100-linux-gcc -o conftest -g -O2   conftest.c -ldl -lpthread  >&5
conftest.c:36:6: warning: conflicting types for built-in function 'log'
 char log ();
      ^~~
/tmp/ccn4UREI.o: In function `main':
/home/server/hisi/hi3559a/P07/Hi3559AV100_SDK_V2.0.0.7/mpp/dk_app/ncnn/examples/face/sqlite-autoconf-3250200/conftest.c:40: undefined reference to `log'
collect2: error: ld returned 1 exit status
configure:13573: $? = 1
configure: failed program was:
| /* confdefs.h */
| #define PACKAGE_NAME "sqlite"
| #define PACKAGE_TARNAME "sqlite"
| #define PACKAGE_VERSION "3.25.2"
| #define PACKAGE_STRING "sqlite 3.25.2"
| #define PACKAGE_BUGREPORT "http://www.sqlite.org"
| #define PACKAGE_URL ""
| #define PACKAGE "sqlite"
| #define VERSION "3.25.2"
| #define STDC_HEADERS 1
| #define HAVE_SYS_TYPES_H 1
| #define HAVE_SYS_STAT_H 1
| #define HAVE_STDLIB_H 1
| #define HAVE_STRING_H 1
| #define HAVE_MEMORY_H 1
| #define HAVE_STRINGS_H 1
| #define HAVE_INTTYPES_H 1
| #define HAVE_STDINT_H 1
| #define HAVE_UNISTD_H 1
| #define HAVE_DLFCN_H 1
| #define LT_OBJDIR ".libs/"
| #define HAVE_FDATASYNC 1
| #define HAVE_USLEEP 1
| #define HAVE_LOCALTIME_R 1
| #define HAVE_GMTIME_R 1
| #define HAVE_DECL_STRERROR_R 1
| #define HAVE_STRERROR_R 1
| /* end confdefs.h.  */
| 
| /* Override any GCC internal prototype to avoid an error.
|    Use char because int might match the return type of a GCC
|    builtin and then its argument prototype would still apply.  */
| #ifdef __cplusplus
| extern "C"
| #endif
| char log ();
| int
| main ()
| {
| return log ();
|   ;
|   return 0;
| }
configure:13573: aarch64-himix100-linux-gcc -o conftest -g -O2   conftest.c -lm  -ldl -lpthread  >&5
conftest.c:36:6: warning: conflicting types for built-in function 'log'
 char log ();
      ^~~
configure:13573: $? = 0
configure:13590: result: -lm
configure:13679: checking for posix_fallocate
configure:13679: aarch64-himix100-linux-gcc -o conftest -g -O2   conftest.c -lm -ldl -lpthread  >&5
configure:13679: $? = 0
configure:13679: result: yes
configure:13690: checking zlib.h usability
configure:13690: aarch64-himix100-linux-gcc -c -g -O2  conftest.c >&5
conftest.c:63:18: fatal error: zlib.h: No such file or directory
 #include <zlib.h>
                  ^
compilation terminated.
configure:13690: $? = 1
configure: failed program was:
| /* confdefs.h */
| #define PACKAGE_NAME "sqlite"
| #define PACKAGE_TARNAME "sqlite"
| #define PACKAGE_VERSION "3.25.2"
| #define PACKAGE_STRING "sqlite 3.25.2"
| #define PACKAGE_BUGREPORT "http://www.sqlite.org"
| #define PACKAGE_URL ""
| #define PACKAGE "sqlite"
| #define VERSION "3.25.2"
| #define STDC_HEADERS 1
| #define HAVE_SYS_TYPES_H 1
| #define HAVE_SYS_STAT_H 1
| #define HAVE_STDLIB_H 1
| #define HAVE_STRING_H 1
| #define HAVE_MEMORY_H 1
| #define HAVE_STRINGS_H 1
| #define HAVE_INTTYPES_H 1
| #define HAVE_STDINT_H 1
| #define HAVE_UNISTD_H 1
| #define HAVE_DLFCN_H 1
| #define LT_OBJDIR ".libs/"
| #define HAVE_FDATASYNC 1
| #define HAVE_USLEEP 1
| #define HAVE_LOCALTIME_R 1
| #define HAVE_GMTIME_R 1
| #define HAVE_DECL_STRERROR_R 1
| #define HAVE_STRERROR_R 1
| #define HAVE_POSIX_FALLOCATE 1
| /* end confdefs.h.  */
| #include <stdio.h>
| #ifdef HAVE_SYS_TYPES_H
| # include <sys/types.h>
| #endif
| #ifdef HAVE_SYS_STAT_H
| # include <sys/stat.h>
| #endif
| #ifdef STDC_HEADERS
| # include <stdlib.h>
| # include <stddef.h>
| #else
| # ifdef HAVE_STDLIB_H
| #  include <stdlib.h>
| # endif
| #endif
| #ifdef HAVE_STRING_H
| # if !defined STDC_HEADERS && defined HAVE_MEMORY_H
| #  include <memory.h>
| # endif
| # include <string.h>
| #endif
| #ifdef HAVE_STRINGS_H
| # include <strings.h>
| #endif
| #ifdef HAVE_INTTYPES_H
| # include <inttypes.h>
| #endif
| #ifdef HAVE_STDINT_H
| # include <stdint.h>
| #endif
| #ifdef HAVE_UNISTD_H
| # include <unistd.h>
| #endif
| #include <zlib.h>
configure:13690: result: no
configure:13690: checking zlib.h presence
configure:13690: aarch64-himix100-linux-gcc -E  conftest.c
conftest.c:30:18: fatal error: zlib.h: No such file or directory
 #include <zlib.h>
                  ^
compilation terminated.
configure:13690: $? = 1
configure: failed program was:
| /* confdefs.h */
| #define PACKAGE_NAME "sqlite"
| #define PACKAGE_TARNAME "sqlite"
| #define PACKAGE_VERSION "3.25.2"
| #define PACKAGE_STRING "sqlite 3.25.2"
| #define PACKAGE_BUGREPORT "http://www.sqlite.org"
| #define PACKAGE_URL ""
| #define PACKAGE "sqlite"
| #define VERSION "3.25.2"
| #define STDC_HEADERS 1
| #define HAVE_SYS_TYPES_H 1
| #define HAVE_SYS_STAT_H 1
| #define HAVE_STDLIB_H 1
| #define HAVE_STRING_H 1
| #define HAVE_MEMORY_H 1
| #define HAVE_STRINGS_H 1
| #define HAVE_INTTYPES_H 1
| #define HAVE_STDINT_H 1
| #define HAVE_UNISTD_H 1
| #define HAVE_DLFCN_H 1
| #define LT_OBJDIR ".libs/"
| #define HAVE_FDATASYNC 1
| #define HAVE_USLEEP 1
| #define HAVE_LOCALTIME_R 1
| #define HAVE_GMTIME_R 1
| #define HAVE_DECL_STRERROR_R 1
| #define HAVE_STRERROR_R 1
| #define HAVE_POSIX_FALLOCATE 1
| /* end confdefs.h.  */
| #include <zlib.h>
configure:13690: result: no
configure:13690: checking for zlib.h
configure:13690: result: no
configure:13758: checking for library containing system
configure:13789: aarch64-himix100-linux-gcc -o conftest -g -O2   conftest.c -lm -ldl -lpthread  >&5
configure:13789: $? = 0
configure:13806: result: none required
configure:13988: checking that generated files are newer than configure
configure:13994: result: done
configure:14021: creating ./config.status

## ---------------------- ##
## Running config.status. ##
## ---------------------- ##

This file was extended by sqlite config.status 3.25.2, which was
generated by GNU Autoconf 2.69.  Invocation command line was

  CONFIG_FILES    = 
  CONFIG_HEADERS  = 
  CONFIG_LINKS    = 
  CONFIG_COMMANDS = 
  $ ./config.status 

on optiplex-7050

config.status:1012: creating Makefile
config.status:1012: creating sqlite3.pc
config.status:1184: executing depfiles commands
config.status:1184: executing libtool commands

## ---------------- ##
## Cache variables. ##
## ---------------- ##

ac_cv_build=x86_64-unknown-linux-gnu
ac_cv_c_compiler_gnu=yes
ac_cv_env_CC_set=
ac_cv_env_CC_value=
ac_cv_env_CFLAGS_set=
ac_cv_env_CFLAGS_value=
ac_cv_env_CPPFLAGS_set=
ac_cv_env_CPPFLAGS_value=
ac_cv_env_CPP_set=
ac_cv_env_CPP_value=
ac_cv_env_LDFLAGS_set=
ac_cv_env_LDFLAGS_value=
ac_cv_env_LIBS_set=
ac_cv_env_LIBS_value=
ac_cv_env_LT_SYS_LIBRARY_PATH_set=
ac_cv_env_LT_SYS_LIBRARY_PATH_value=
ac_cv_env_build_alias_set=
ac_cv_env_build_alias_value=
ac_cv_env_host_alias_set=set
ac_cv_env_host_alias_value=aarch64-himix100-linux
ac_cv_env_target_alias_set=
ac_cv_env_target_alias_value=
ac_cv_func_fdatasync=yes
ac_cv_func_fullfsync=no
ac_cv_func_gmtime_r=yes
ac_cv_func_localtime_r=yes
ac_cv_func_posix_fallocate=yes
ac_cv_func_strerror_r=yes
ac_cv_func_strerror_r_char_p=no
ac_cv_func_usleep=yes
ac_cv_have_decl_strerror_r=yes
ac_cv_header_dlfcn_h=yes
ac_cv_header_editline_readline_h=no
ac_cv_header_inttypes_h=yes
ac_cv_header_memory_h=yes
ac_cv_header_readline_readline_h=no
ac_cv_header_stdc=yes
ac_cv_header_stdint_h=yes
ac_cv_header_stdlib_h=yes
ac_cv_header_string_h=yes
ac_cv_header_strings_h=yes
ac_cv_header_sys_stat_h=yes
ac_cv_header_sys_types_h=yes
ac_cv_header_unistd_h=yes
ac_cv_header_zlib_h=no
ac_cv_host=aarch64-himix100-linux-gnu
ac_cv_objext=o
ac_cv_path_EGREP='/bin/grep -E'
ac_cv_path_FGREP='/bin/grep -F'
ac_cv_path_GREP=/bin/grep
ac_cv_path_SED=/bin/sed
ac_cv_path_install='/usr/bin/install -c'
ac_cv_path_lt_DD=/bin/dd
ac_cv_path_mkdir=/bin/mkdir
ac_cv_prog_AR=aarch64-himix100-linux-ar
ac_cv_prog_AWK=gawk
ac_cv_prog_CC=aarch64-himix100-linux-gcc
ac_cv_prog_CPP='aarch64-himix100-linux-gcc -E'
ac_cv_prog_OBJDUMP=aarch64-himix100-linux-objdump
ac_cv_prog_RANLIB=aarch64-himix100-linux-ranlib
ac_cv_prog_STRIP=aarch64-himix100-linux-strip
ac_cv_prog_ac_ct_MANIFEST_TOOL=mt
ac_cv_prog_cc_c89=
ac_cv_prog_cc_g=yes
ac_cv_prog_make_make_set=yes
ac_cv_search_dlopen=-ldl
ac_cv_search_log=-lm
ac_cv_search_pthread_create=-lpthread
ac_cv_search_pthread_mutexattr_init='none required'
ac_cv_search_system='none required'
ac_cv_sys_file_offset_bits=no
ac_cv_sys_largefile_CC=no
am_cv_CC_dependencies_compiler_type=gcc3
am_cv_make_support_nested_variables=yes
am_cv_prog_cc_c_o=yes
lt_cv_ar_at_file=@
lt_cv_archive_cmds_need_lc=no
lt_cv_deplibs_check_method=pass_all
lt_cv_file_magic_cmd='$MAGIC_CMD'
lt_cv_file_magic_test_file=
lt_cv_ld_reload_flag=-r
lt_cv_nm_interface='BSD nm'
lt_cv_objdir=.libs
lt_cv_path_LD=/opt/hisi-linux/x86-arm/aarch64-himix100-linux/aarch64-linux-gnu/bin/ld
lt_cv_path_NM='/opt/hisi-linux/x86-arm/aarch64-himix100-linux/bin/aarch64-himix100-linux-nm -B'
lt_cv_path_mainfest_tool=no
lt_cv_prog_compiler_c_o=yes
lt_cv_prog_compiler_pic='-fPIC -DPIC'
lt_cv_prog_compiler_pic_works=yes
lt_cv_prog_compiler_rtti_exceptions=no
lt_cv_prog_compiler_static_works=yes
lt_cv_prog_gnu_ld=yes
lt_cv_sharedlib_from_linklib_cmd='printf %s\n'
lt_cv_shlibpath_overrides_runpath=no
lt_cv_sys_global_symbol_pipe='sed -n -e '\''s/^.*[	 ]\([ABCDGIRSTW][ABCDGIRSTW]*\)[	 ][	 ]*\([_A-Za-z][_A-Za-z0-9]*\)$/\1 \2 \2/p'\'' | sed '\''/ __gnu_lto/d'\'''
lt_cv_sys_global_symbol_to_c_name_address='sed -n -e '\''s/^: \(.*\) .*$/  {"\1", (void *) 0},/p'\'' -e '\''s/^[ABCDGIRSTW][ABCDGIRSTW]* .* \(.*\)$/  {"\1", (void *) \&\1},/p'\'''
lt_cv_sys_global_symbol_to_c_name_address_lib_prefix='sed -n -e '\''s/^: \(.*\) .*$/  {"\1", (void *) 0},/p'\'' -e '\''s/^[ABCDGIRSTW][ABCDGIRSTW]* .* \(lib.*\)$/  {"\1", (void *) \&\1},/p'\'' -e '\''s/^[ABCDGIRSTW][ABCDGIRSTW]* .* \(.*\)$/  {"lib\1", (void *) \&\1},/p'\'''
lt_cv_sys_global_symbol_to_cdecl='sed -n -e '\''s/^T .* \(.*\)$/extern int \1();/p'\'' -e '\''s/^[ABCDGIRSTW][ABCDGIRSTW]* .* \(.*\)$/extern char \1;/p'\'''
lt_cv_sys_global_symbol_to_import=
lt_cv_sys_max_cmd_len=1572864
lt_cv_to_host_file_cmd=func_convert_file_noop
lt_cv_to_tool_file_cmd=func_convert_file_noop
lt_cv_truncate_bin='/bin/dd bs=4096 count=1'

## ----------------- ##
## Output variables. ##
## ----------------- ##

ACLOCAL='${SHELL} /home/server/hisi/hi3559a/P07/Hi3559AV100_SDK_V2.0.0.7/mpp/dk_app/ncnn/examples/face/sqlite-autoconf-3250200/missing aclocal-1.15'
AMDEPBACKSLASH='\'
AMDEP_FALSE='#'
AMDEP_TRUE=''
AMTAR='$${TAR-tar}'
AM_BACKSLASH='\'
AM_DEFAULT_V='$(AM_DEFAULT_VERBOSITY)'
AM_DEFAULT_VERBOSITY='1'
AM_V='$(V)'
AR='aarch64-himix100-linux-ar'
AUTOCONF='${SHELL} /home/server/hisi/hi3559a/P07/Hi3559AV100_SDK_V2.0.0.7/mpp/dk_app/ncnn/examples/face/sqlite-autoconf-3250200/missing autoconf'
AUTOHEADER='${SHELL} /home/server/hisi/hi3559a/P07/Hi3559AV100_SDK_V2.0.0.7/mpp/dk_app/ncnn/examples/face/sqlite-autoconf-3250200/missing autoheader'
AUTOMAKE='${SHELL} /home/server/hisi/hi3559a/P07/Hi3559AV100_SDK_V2.0.0.7/mpp/dk_app/ncnn/examples/face/sqlite-autoconf-3250200/missing automake-1.15'
AWK='gawk'
BUILD_CFLAGS=' -D_REENTRANT=1 -DSQLITE_THREADSAFE=1 -DSQLITE_ENABLE_FTS4 -DSQLITE_ENABLE_FTS5 -DSQLITE_ENABLE_JSON1 -DSQLITE_ENABLE_RTREE'
CC='aarch64-himix100-linux-gcc'
CCDEPMODE='depmode=gcc3'
CFLAGS='-g -O2'
CPP='aarch64-himix100-linux-gcc -E'
CPPFLAGS=''
CYGPATH_W='echo'
DEFS='-DPACKAGE_NAME=\"sqlite\" -DPACKAGE_TARNAME=\"sqlite\" -DPACKAGE_VERSION=\"3.25.2\" -DPACKAGE_STRING=\"sqlite\ 3.25.2\" -DPACKAGE_BUGREPORT=\"http://www.sqlite.org\" -DPACKAGE_URL=\"\" -DPACKAGE=\"sqlite\" -DVERSION=\"3.25.2\" -DSTDC_HEADERS=1 -DHAVE_SYS_TYPES_H=1 -DHAVE_SYS_STAT_H=1 -DHAVE_STDLIB_H=1 -DHAVE_STRING_H=1 -DHAVE_MEMORY_H=1 -DHAVE_STRINGS_H=1 -DHAVE_INTTYPES_H=1 -DHAVE_STDINT_H=1 -DHAVE_UNISTD_H=1 -DHAVE_DLFCN_H=1 -DLT_OBJDIR=\".libs/\" -DHAVE_FDATASYNC=1 -DHAVE_USLEEP=1 -DHAVE_LOCALTIME_R=1 -DHAVE_GMTIME_R=1 -DHAVE_DECL_STRERROR_R=1 -DHAVE_STRERROR_R=1 -DHAVE_POSIX_FALLOCATE=1'
DEPDIR='.deps'
DLLTOOL='false'
DSYMUTIL=''
DUMPBIN=''
ECHO_C=''
ECHO_N='-n'
ECHO_T=''
EGREP='/bin/grep -E'
EXEEXT=''
EXTRA_SHELL_OBJ='sqlite3-sqlite3.o'
FGREP='/bin/grep -F'
GREP='/bin/grep'
INSTALL_DATA='${INSTALL} -m 644'
INSTALL_PROGRAM='${INSTALL}'
INSTALL_SCRIPT='${INSTALL}'
INSTALL_STRIP_PROGRAM='$(install_sh) -c -s'
LD='/opt/hisi-linux/x86-arm/aarch64-himix100-linux/aarch64-linux-gnu/bin/ld'
LDFLAGS=''
LIBOBJS=''
LIBS='-lm -ldl -lpthread '
LIBTOOL='$(SHELL) $(top_builddir)/libtool'
LIPO=''
LN_S='ln -s'
LTLIBOBJS=''
LT_SYS_LIBRARY_PATH=''
MAKEINFO='${SHELL} /home/server/hisi/hi3559a/P07/Hi3559AV100_SDK_V2.0.0.7/mpp/dk_app/ncnn/examples/face/sqlite-autoconf-3250200/missing makeinfo'
MANIFEST_TOOL=':'
MKDIR_P='/bin/mkdir -p'
NM='/opt/hisi-linux/x86-arm/aarch64-himix100-linux/bin/aarch64-himix100-linux-nm -B'
NMEDIT=''
OBJDUMP='aarch64-himix100-linux-objdump'
OBJEXT='o'
OTOOL64=''
OTOOL=''
PACKAGE='sqlite'
PACKAGE_BUGREPORT='http://www.sqlite.org'
PACKAGE_NAME='sqlite'
PACKAGE_STRING='sqlite 3.25.2'
PACKAGE_TARNAME='sqlite'
PACKAGE_URL=''
PACKAGE_VERSION='3.25.2'
PATH_SEPARATOR=':'
RANLIB='aarch64-himix100-linux-ranlib'
READLINE_LIBS=''
SED='/bin/sed'
SET_MAKE=''
SHELL='/bin/sh'
SHELL_CFLAGS=''
STRIP='aarch64-himix100-linux-strip'
VERSION='3.25.2'
ac_ct_AR=''
ac_ct_CC=''
ac_ct_DUMPBIN=''
am__EXEEXT_FALSE=''
am__EXEEXT_TRUE='#'
am__fastdepCC_FALSE='#'
am__fastdepCC_TRUE=''
am__include='include'
am__isrc=''
am__leading_dot='.'
am__nodep='_no'
am__quote=''
am__tar='$${TAR-tar} chof - "$$tardir"'
am__untar='$${TAR-tar} xf -'
bindir='${exec_prefix}/bin'
build='x86_64-unknown-linux-gnu'
build_alias=''
build_cpu='x86_64'
build_os='linux-gnu'
build_vendor='unknown'
datadir='${datarootdir}'
datarootdir='${prefix}/share'
docdir='${datarootdir}/doc/${PACKAGE_TARNAME}'
dvidir='${docdir}'
exec_prefix='${prefix}'
host='aarch64-himix100-linux-gnu'
host_alias='aarch64-himix100-linux'
host_cpu='aarch64'
host_os='linux-gnu'
host_vendor='himix100'
htmldir='${docdir}'
includedir='${prefix}/include'
infodir='${datarootdir}/info'
install_sh='${SHELL} /home/server/hisi/hi3559a/P07/Hi3559AV100_SDK_V2.0.0.7/mpp/dk_app/ncnn/examples/face/sqlite-autoconf-3250200/install-sh'
libdir='${exec_prefix}/lib'
libexecdir='${exec_prefix}/libexec'
localedir='${datarootdir}/locale'
localstatedir='${prefix}/var'
mandir='${datarootdir}/man'
mkdir_p='$(MKDIR_P)'
oldincludedir='/usr/include'
pdfdir='${docdir}'
prefix='/usr/local'
program_transform_name='s,x,x,'
psdir='${docdir}'
sbindir='${exec_prefix}/sbin'
sharedstatedir='${prefix}/com'
sysconfdir='${prefix}/etc'
target_alias=''

## ----------- ##
## confdefs.h. ##
## ----------- ##

/* confdefs.h */
#define PACKAGE_NAME "sqlite"
#define PACKAGE_TARNAME "sqlite"
#define PACKAGE_VERSION "3.25.2"
#define PACKAGE_STRING "sqlite 3.25.2"
#define PACKAGE_BUGREPORT "http://www.sqlite.org"
#define PACKAGE_URL ""
#define PACKAGE "sqlite"
#define VERSION "3.25.2"
#define STDC_HEADERS 1
#define HAVE_SYS_TYPES_H 1
#define HAVE_SYS_STAT_H 1
#define HAVE_STDLIB_H 1
#define HAVE_STRING_H 1
#define HAVE_MEMORY_H 1
#define HAVE_STRINGS_H 1
#define HAVE_INTTYPES_H 1
#define HAVE_STDINT_H 1
#define HAVE_UNISTD_H 1
#define HAVE_DLFCN_H 1
#define LT_OBJDIR ".libs/"
#define HAVE_FDATASYNC 1
#define HAVE_USLEEP 1
#define HAVE_LOCALTIME_R 1
#define HAVE_GMTIME_R 1
#define HAVE_DECL_STRERROR_R 1
#define HAVE_STRERROR_R 1
#define HAVE_POSIX_FALLOCATE 1

configure: exit 0
